Thu, 18 May 2023 16:54:27-readyaml.py[line:23]-INFO:读取访问ip
Thu, 18 May 2023 16:54:27-readyaml.py[line:42]-INFO:读取yaml完成
Thu, 18 May 2023 16:54:43-readyaml.py[line:23]-INFO:读取访问ip
Thu, 18 May 2023 16:54:43-readyaml.py[line:42]-INFO:读取yaml完成
Thu, 18 May 2023 16:57:05-readyaml.py[line:23]-INFO:读取访问ip
Thu, 18 May 2023 16:57:05-readyaml.py[line:42]-INFO:读取yaml完成
Thu, 18 May 2023 16:57:05-readyaml.py[line:26]-INFO:读取访问接口url
Thu, 18 May 2023 16:57:05-readyaml.py[line:42]-INFO:读取yaml完成
Thu, 18 May 2023 16:57:47-readyaml.py[line:23]-INFO:读取访问ip
Thu, 18 May 2023 16:57:47-readyaml.py[line:42]-INFO:读取yaml完成
Thu, 18 May 2023 16:57:47-readyaml.py[line:26]-INFO:读取访问接口url
Thu, 18 May 2023 16:57:47-readyaml.py[line:42]-INFO:读取yaml完成
Thu, 18 May 2023 16:57:47-readyaml.py[line:23]-INFO:读取访问ip
Thu, 18 May 2023 16:57:47-readyaml.py[line:42]-INFO:读取yaml完成
Thu, 18 May 2023 16:57:47-readyaml.py[line:23]-INFO:读取访问ip
Thu, 18 May 2023 16:57:47-readyaml.py[line:42]-INFO:读取yaml完成
Thu, 18 May 2023 16:57:47-readyaml.py[line:23]-INFO:读取访问ip
Thu, 18 May 2023 16:57:47-readyaml.py[line:42]-INFO:读取yaml完成
Thu, 18 May 2023 17:05:45-readyaml.py[line:23]-INFO:读取访问ip
Thu, 18 May 2023 17:05:45-readyaml.py[line:42]-INFO:读取yaml完成
Thu, 18 May 2023 17:05:45-readyaml.py[line:26]-INFO:读取访问接口url
Thu, 18 May 2023 17:05:45-readyaml.py[line:42]-INFO:读取yaml完成
Thu, 18 May 2023 17:05:45-readyaml.py[line:23]-INFO:读取访问ip
Thu, 18 May 2023 17:05:45-readyaml.py[line:42]-INFO:读取yaml完成
Thu, 18 May 2023 17:05:45-readyaml.py[line:23]-INFO:读取访问ip
Thu, 18 May 2023 17:05:45-readyaml.py[line:42]-INFO:读取yaml完成
Thu, 18 May 2023 17:05:46-readyaml.py[line:23]-INFO:读取访问ip
Thu, 18 May 2023 17:05:46-readyaml.py[line:42]-INFO:读取yaml完成
Thu, 18 May 2023 17:08:17-readyaml.py[line:23]-INFO:读取访问ip
Thu, 18 May 2023 17:08:17-readyaml.py[line:42]-INFO:读取yaml完成
Thu, 18 May 2023 17:08:17-readyaml.py[line:26]-INFO:读取访问接口url
Thu, 18 May 2023 17:08:17-readyaml.py[line:42]-INFO:读取yaml完成
Thu, 18 May 2023 17:08:17-login.py[line:42]-INFO:开始调用登录接口
Thu, 18 May 2023 17:08:17-login.py[line:32]-INFO:获取SAMLRequest
Thu, 18 May 2023 17:08:17-readyaml.py[line:23]-INFO:读取访问ip
Thu, 18 May 2023 17:08:17-readyaml.py[line:42]-INFO:读取yaml完成
Thu, 18 May 2023 17:08:17-readyaml.py[line:23]-INFO:读取访问ip
Thu, 18 May 2023 17:08:17-readyaml.py[line:42]-INFO:读取yaml完成
Thu, 18 May 2023 17:09:18-readyaml.py[line:23]-INFO:读取访问ip
Thu, 18 May 2023 17:09:18-readyaml.py[line:42]-INFO:读取yaml完成
Thu, 18 May 2023 17:09:18-readyaml.py[line:26]-INFO:读取访问接口url
Thu, 18 May 2023 17:09:18-readyaml.py[line:42]-INFO:读取yaml完成
Thu, 18 May 2023 17:09:18-login.py[line:42]-INFO:开始调用登录接口
Thu, 18 May 2023 17:09:18-login.py[line:32]-INFO:获取SAMLRequest
Thu, 18 May 2023 17:09:18-readyaml.py[line:23]-INFO:读取访问ip
Thu, 18 May 2023 17:09:18-readyaml.py[line:42]-INFO:读取yaml完成
Thu, 18 May 2023 17:09:18-readyaml.py[line:23]-INFO:读取访问ip
Thu, 18 May 2023 17:09:18-readyaml.py[line:42]-INFO:读取yaml完成
Thu, 18 May 2023 17:09:18-readyaml.py[line:23]-INFO:读取访问ip
Thu, 18 May 2023 17:09:18-readyaml.py[line:42]-INFO:读取yaml完成
Thu, 18 May 2023 17:09:29-readyaml.py[line:23]-INFO:读取访问ip
Thu, 18 May 2023 17:09:29-readyaml.py[line:42]-INFO:读取yaml完成
Thu, 18 May 2023 17:09:29-readyaml.py[line:26]-INFO:读取访问接口url
Thu, 18 May 2023 17:09:29-readyaml.py[line:42]-INFO:读取yaml完成
Thu, 18 May 2023 17:09:29-login.py[line:42]-INFO:开始调用登录接口
Thu, 18 May 2023 17:09:29-login.py[line:32]-INFO:获取SAMLRequest
Thu, 18 May 2023 17:09:29-readyaml.py[line:23]-INFO:读取访问ip
Thu, 18 May 2023 17:09:29-readyaml.py[line:42]-INFO:读取yaml完成
Thu, 18 May 2023 17:09:29-readyaml.py[line:23]-INFO:读取访问ip
Thu, 18 May 2023 17:09:29-readyaml.py[line:42]-INFO:读取yaml完成
Thu, 18 May 2023 17:09:29-readyaml.py[line:23]-INFO:读取访问ip
Thu, 18 May 2023 17:09:29-readyaml.py[line:42]-INFO:读取yaml完成
Thu, 18 May 2023 17:11:03-readyaml.py[line:23]-INFO:读取访问ip
Thu, 18 May 2023 17:11:03-readyaml.py[line:42]-INFO:读取yaml完成
Thu, 18 May 2023 17:11:03-readyaml.py[line:26]-INFO:读取访问接口url
Thu, 18 May 2023 17:11:03-readyaml.py[line:42]-INFO:读取yaml完成
Thu, 18 May 2023 17:11:03-login.py[line:42]-INFO:开始调用登录接口
Thu, 18 May 2023 17:11:03-login.py[line:32]-INFO:获取SAMLRequest
Thu, 18 May 2023 17:11:03-readyaml.py[line:23]-INFO:读取访问ip
Thu, 18 May 2023 17:11:03-readyaml.py[line:42]-INFO:读取yaml完成
Thu, 18 May 2023 17:11:03-readyaml.py[line:23]-INFO:读取访问ip
Thu, 18 May 2023 17:11:03-readyaml.py[line:42]-INFO:读取yaml完成
Thu, 18 May 2023 17:11:03-readyaml.py[line:23]-INFO:读取访问ip
Thu, 18 May 2023 17:11:03-readyaml.py[line:42]-INFO:读取yaml完成
Thu, 18 May 2023 17:11:23-readyaml.py[line:23]-INFO:读取访问ip
Thu, 18 May 2023 17:11:23-readyaml.py[line:42]-INFO:读取yaml完成
Thu, 18 May 2023 17:11:23-readyaml.py[line:26]-INFO:读取访问接口url
Thu, 18 May 2023 17:11:23-readyaml.py[line:42]-INFO:读取yaml完成
Thu, 18 May 2023 17:11:23-login.py[line:42]-INFO:开始调用登录接口
Thu, 18 May 2023 17:11:23-login.py[line:32]-INFO:获取SAMLRequest
Thu, 18 May 2023 17:11:23-readyaml.py[line:23]-INFO:读取访问ip
Thu, 18 May 2023 17:11:23-readyaml.py[line:42]-INFO:读取yaml完成
Thu, 18 May 2023 17:11:23-readyaml.py[line:23]-INFO:读取访问ip
Thu, 18 May 2023 17:11:23-readyaml.py[line:42]-INFO:读取yaml完成
Thu, 18 May 2023 17:11:23-readyaml.py[line:23]-INFO:读取访问ip
Thu, 18 May 2023 17:11:23-readyaml.py[line:42]-INFO:读取yaml完成
Thu, 18 May 2023 17:11:39-readyaml.py[line:23]-INFO:读取访问ip
Thu, 18 May 2023 17:11:39-readyaml.py[line:42]-INFO:读取yaml完成
Thu, 18 May 2023 17:11:39-readyaml.py[line:26]-INFO:读取访问接口url
Thu, 18 May 2023 17:11:39-readyaml.py[line:42]-INFO:读取yaml完成
Thu, 18 May 2023 17:11:39-login.py[line:42]-INFO:开始调用登录接口
Thu, 18 May 2023 17:11:39-login.py[line:32]-INFO:获取SAMLRequest
Thu, 18 May 2023 17:11:39-readyaml.py[line:23]-INFO:读取访问ip
Thu, 18 May 2023 17:11:39-readyaml.py[line:42]-INFO:读取yaml完成
Thu, 18 May 2023 17:11:39-readyaml.py[line:23]-INFO:读取访问ip
Thu, 18 May 2023 17:11:39-readyaml.py[line:42]-INFO:读取yaml完成
Thu, 18 May 2023 17:11:40-readyaml.py[line:23]-INFO:读取访问ip
Thu, 18 May 2023 17:11:40-readyaml.py[line:42]-INFO:读取yaml完成
Thu, 18 May 2023 17:11:56-readyaml.py[line:23]-INFO:读取访问ip
Thu, 18 May 2023 17:11:56-readyaml.py[line:42]-INFO:读取yaml完成
Thu, 18 May 2023 17:11:56-readyaml.py[line:26]-INFO:读取访问接口url
Thu, 18 May 2023 17:11:56-readyaml.py[line:42]-INFO:读取yaml完成
Thu, 18 May 2023 17:11:56-login.py[line:42]-INFO:开始调用登录接口
Thu, 18 May 2023 17:11:56-login.py[line:32]-INFO:获取SAMLRequest
Thu, 18 May 2023 17:11:56-readyaml.py[line:23]-INFO:读取访问ip
Thu, 18 May 2023 17:11:56-readyaml.py[line:42]-INFO:读取yaml完成
Thu, 18 May 2023 17:11:56-readyaml.py[line:23]-INFO:读取访问ip
Thu, 18 May 2023 17:11:56-readyaml.py[line:42]-INFO:读取yaml完成
Thu, 18 May 2023 17:11:57-readyaml.py[line:23]-INFO:读取访问ip
Thu, 18 May 2023 17:11:57-readyaml.py[line:42]-INFO:读取yaml完成
Thu, 18 May 2023 17:12:25-readyaml.py[line:23]-INFO:读取访问ip
Thu, 18 May 2023 17:12:25-readyaml.py[line:42]-INFO:读取yaml完成
Thu, 18 May 2023 17:12:25-readyaml.py[line:26]-INFO:读取访问接口url
Thu, 18 May 2023 17:12:25-readyaml.py[line:42]-INFO:读取yaml完成
Thu, 18 May 2023 17:12:25-login.py[line:42]-INFO:开始调用登录接口
Thu, 18 May 2023 17:12:25-login.py[line:32]-INFO:获取SAMLRequest
Thu, 18 May 2023 17:12:25-readyaml.py[line:23]-INFO:读取访问ip
Thu, 18 May 2023 17:12:25-readyaml.py[line:42]-INFO:读取yaml完成
Thu, 18 May 2023 17:12:25-readyaml.py[line:23]-INFO:读取访问ip
Thu, 18 May 2023 17:12:25-readyaml.py[line:42]-INFO:读取yaml完成
Thu, 18 May 2023 17:12:26-readyaml.py[line:23]-INFO:读取访问ip
Thu, 18 May 2023 17:12:26-readyaml.py[line:42]-INFO:读取yaml完成
Thu, 18 May 2023 17:12:52-readyaml.py[line:23]-INFO:读取访问ip
Thu, 18 May 2023 17:12:52-readyaml.py[line:42]-INFO:读取yaml完成
Thu, 18 May 2023 17:12:52-readyaml.py[line:26]-INFO:读取访问接口url
Thu, 18 May 2023 17:12:52-readyaml.py[line:42]-INFO:读取yaml完成
Thu, 18 May 2023 17:12:52-login.py[line:42]-INFO:开始调用登录接口
Thu, 18 May 2023 17:12:52-login.py[line:32]-INFO:获取SAMLRequest
Thu, 18 May 2023 17:12:52-readyaml.py[line:23]-INFO:读取访问ip
Thu, 18 May 2023 17:12:52-readyaml.py[line:42]-INFO:读取yaml完成
Thu, 18 May 2023 17:12:52-readyaml.py[line:23]-INFO:读取访问ip
Thu, 18 May 2023 17:12:52-readyaml.py[line:42]-INFO:读取yaml完成
Fri, 19 May 2023 10:02:50-readyaml.py[line:23]-INFO:读取访问ip
Fri, 19 May 2023 10:02:50-readyaml.py[line:42]-INFO:读取yaml完成
Fri, 19 May 2023 10:02:50-readyaml.py[line:26]-INFO:读取访问接口url
Fri, 19 May 2023 10:02:50-readyaml.py[line:42]-INFO:读取yaml完成
Fri, 19 May 2023 10:02:50-login.py[line:32]-INFO:开始调用登录接口
Fri, 19 May 2023 10:02:50-login.py[line:22]-INFO:获取SAMLRequest
Fri, 19 May 2023 10:02:50-readyaml.py[line:23]-INFO:读取访问ip
Fri, 19 May 2023 10:02:50-readyaml.py[line:42]-INFO:读取yaml完成
Fri, 19 May 2023 10:02:50-readyaml.py[line:23]-INFO:读取访问ip
Fri, 19 May 2023 10:02:50-readyaml.py[line:42]-INFO:读取yaml完成
Fri, 19 May 2023 10:02:51-login.py[line:47]-INFO:登陆成功
Fri, 19 May 2023 10:02:51-readyaml.py[line:23]-INFO:读取访问ip
Fri, 19 May 2023 10:02:51-readyaml.py[line:42]-INFO:读取yaml完成
Fri, 19 May 2023 10:06:04-readyaml.py[line:23]-INFO:读取访问ip
Fri, 19 May 2023 10:06:04-readyaml.py[line:42]-INFO:读取yaml完成
Fri, 19 May 2023 10:06:04-readyaml.py[line:26]-INFO:读取访问接口url
Fri, 19 May 2023 10:06:04-readyaml.py[line:42]-INFO:读取yaml完成
Fri, 19 May 2023 10:06:04-readyaml.py[line:23]-INFO:读取访问ip
Fri, 19 May 2023 10:06:04-readyaml.py[line:42]-INFO:读取yaml完成
Fri, 19 May 2023 10:06:13-readyaml.py[line:23]-INFO:读取访问ip
Fri, 19 May 2023 10:06:13-readyaml.py[line:42]-INFO:读取yaml完成
Fri, 19 May 2023 10:06:13-readyaml.py[line:26]-INFO:读取访问接口url
Fri, 19 May 2023 10:06:13-readyaml.py[line:42]-INFO:读取yaml完成
Fri, 19 May 2023 10:06:13-login.py[line:32]-INFO:开始调用登录接口
Fri, 19 May 2023 10:06:13-login.py[line:22]-INFO:获取SAMLRequest
Fri, 19 May 2023 10:06:13-readyaml.py[line:23]-INFO:读取访问ip
Fri, 19 May 2023 10:06:13-readyaml.py[line:42]-INFO:读取yaml完成
Fri, 19 May 2023 10:06:13-readyaml.py[line:23]-INFO:读取访问ip
Fri, 19 May 2023 10:06:13-readyaml.py[line:42]-INFO:读取yaml完成
Fri, 19 May 2023 10:06:14-login.py[line:47]-INFO:登陆成功
Fri, 19 May 2023 10:06:14-readyaml.py[line:23]-INFO:读取访问ip
Fri, 19 May 2023 10:06:14-readyaml.py[line:42]-INFO:读取yaml完成
Fri, 19 May 2023 10:06:48-readyaml.py[line:23]-INFO:读取访问ip
Fri, 19 May 2023 10:06:48-readyaml.py[line:42]-INFO:读取yaml完成
Fri, 19 May 2023 10:06:48-readyaml.py[line:26]-INFO:读取访问接口url
Fri, 19 May 2023 10:06:48-readyaml.py[line:42]-INFO:读取yaml完成
Fri, 19 May 2023 10:06:48-readyaml.py[line:23]-INFO:读取访问ip
Fri, 19 May 2023 10:06:48-readyaml.py[line:42]-INFO:读取yaml完成
Fri, 19 May 2023 10:06:51-readyaml.py[line:23]-INFO:读取访问ip
Fri, 19 May 2023 10:06:51-readyaml.py[line:42]-INFO:读取yaml完成
Fri, 19 May 2023 10:06:51-readyaml.py[line:26]-INFO:读取访问接口url
Fri, 19 May 2023 10:06:51-readyaml.py[line:42]-INFO:读取yaml完成
Fri, 19 May 2023 10:06:51-readyaml.py[line:23]-INFO:读取访问ip
Fri, 19 May 2023 10:06:51-readyaml.py[line:42]-INFO:读取yaml完成
Fri, 19 May 2023 10:14:21-readyaml.py[line:23]-INFO:读取访问ip
Fri, 19 May 2023 10:14:21-readyaml.py[line:42]-INFO:读取yaml完成
Fri, 19 May 2023 10:14:21-readyaml.py[line:26]-INFO:读取访问接口url
Fri, 19 May 2023 10:14:21-readyaml.py[line:42]-INFO:读取yaml完成
Fri, 19 May 2023 10:14:21-readyaml.py[line:23]-INFO:读取访问ip
Fri, 19 May 2023 10:14:21-readyaml.py[line:42]-INFO:读取yaml完成
Fri, 19 May 2023 10:14:28-readyaml.py[line:23]-INFO:读取访问ip
Fri, 19 May 2023 10:14:28-readyaml.py[line:42]-INFO:读取yaml完成
Fri, 19 May 2023 10:14:28-readyaml.py[line:26]-INFO:读取访问接口url
Fri, 19 May 2023 10:14:28-readyaml.py[line:42]-INFO:读取yaml完成
Fri, 19 May 2023 10:14:28-login.py[line:32]-INFO:开始调用登录接口
Fri, 19 May 2023 10:14:28-login.py[line:22]-INFO:获取SAMLRequest
Fri, 19 May 2023 10:14:28-readyaml.py[line:23]-INFO:读取访问ip
Fri, 19 May 2023 10:14:28-readyaml.py[line:42]-INFO:读取yaml完成
Fri, 19 May 2023 10:14:28-readyaml.py[line:23]-INFO:读取访问ip
Fri, 19 May 2023 10:14:28-readyaml.py[line:42]-INFO:读取yaml完成
Fri, 19 May 2023 10:14:29-login.py[line:47]-INFO:登陆成功
Fri, 19 May 2023 10:14:29-readyaml.py[line:23]-INFO:读取访问ip
Fri, 19 May 2023 10:14:29-readyaml.py[line:42]-INFO:读取yaml完成
Fri, 19 May 2023 10:14:38-readyaml.py[line:23]-INFO:读取访问ip
Fri, 19 May 2023 10:14:38-readyaml.py[line:42]-INFO:读取yaml完成
Fri, 19 May 2023 10:14:38-readyaml.py[line:26]-INFO:读取访问接口url
Fri, 19 May 2023 10:14:38-readyaml.py[line:42]-INFO:读取yaml完成
Fri, 19 May 2023 10:14:38-login.py[line:32]-INFO:开始调用登录接口
Fri, 19 May 2023 10:14:38-login.py[line:22]-INFO:获取SAMLRequest
Fri, 19 May 2023 10:14:38-readyaml.py[line:23]-INFO:读取访问ip
Fri, 19 May 2023 10:14:38-readyaml.py[line:42]-INFO:读取yaml完成
Fri, 19 May 2023 10:14:38-readyaml.py[line:23]-INFO:读取访问ip
Fri, 19 May 2023 10:14:38-readyaml.py[line:42]-INFO:读取yaml完成
Fri, 19 May 2023 10:14:38-login.py[line:47]-INFO:登陆成功
Fri, 19 May 2023 10:14:38-readyaml.py[line:23]-INFO:读取访问ip
Fri, 19 May 2023 10:14:38-readyaml.py[line:42]-INFO:读取yaml完成
Fri, 19 May 2023 10:19:05-readyaml.py[line:23]-INFO:读取访问ip
Fri, 19 May 2023 10:19:05-readyaml.py[line:42]-INFO:读取yaml完成
Fri, 19 May 2023 10:19:05-readyaml.py[line:26]-INFO:读取访问接口url
Fri, 19 May 2023 10:19:05-readyaml.py[line:42]-INFO:读取yaml完成
Fri, 19 May 2023 10:19:05-login.py[line:32]-INFO:开始调用登录接口
Fri, 19 May 2023 10:19:05-login.py[line:22]-INFO:获取SAMLRequest
Fri, 19 May 2023 10:19:05-readyaml.py[line:23]-INFO:读取访问ip
Fri, 19 May 2023 10:19:05-readyaml.py[line:42]-INFO:读取yaml完成
Fri, 19 May 2023 10:19:05-readyaml.py[line:23]-INFO:读取访问ip
Fri, 19 May 2023 10:19:05-readyaml.py[line:42]-INFO:读取yaml完成
Fri, 19 May 2023 10:19:05-login.py[line:47]-INFO:登陆成功
Fri, 19 May 2023 10:19:05-readyaml.py[line:23]-INFO:读取访问ip
Fri, 19 May 2023 10:19:05-readyaml.py[line:42]-INFO:读取yaml完成
Fri, 19 May 2023 10:19:23-readyaml.py[line:23]-INFO:读取访问ip
Fri, 19 May 2023 10:19:23-readyaml.py[line:42]-INFO:读取yaml完成
Fri, 19 May 2023 10:19:23-readyaml.py[line:26]-INFO:读取访问接口url
Fri, 19 May 2023 10:19:23-readyaml.py[line:42]-INFO:读取yaml完成
Fri, 19 May 2023 10:19:23-login.py[line:32]-INFO:开始调用登录接口
Fri, 19 May 2023 10:19:23-login.py[line:22]-INFO:获取SAMLRequest
Fri, 19 May 2023 10:19:23-readyaml.py[line:23]-INFO:读取访问ip
Fri, 19 May 2023 10:19:23-readyaml.py[line:42]-INFO:读取yaml完成
Fri, 19 May 2023 10:19:23-readyaml.py[line:23]-INFO:读取访问ip
Fri, 19 May 2023 10:19:23-readyaml.py[line:42]-INFO:读取yaml完成
Fri, 19 May 2023 10:19:24-login.py[line:47]-INFO:登陆成功
Fri, 19 May 2023 10:19:24-readyaml.py[line:23]-INFO:读取访问ip
Fri, 19 May 2023 10:19:24-readyaml.py[line:42]-INFO:读取yaml完成
Fri, 19 May 2023 13:27:37-readyaml.py[line:23]-INFO:读取访问ip
Fri, 19 May 2023 13:27:37-readyaml.py[line:42]-INFO:读取yaml完成
Fri, 19 May 2023 13:27:37-readyaml.py[line:26]-INFO:读取访问接口url
Fri, 19 May 2023 13:27:37-readyaml.py[line:42]-INFO:读取yaml完成
Fri, 19 May 2023 13:27:37-login.py[line:32]-INFO:开始调用登录接口
Fri, 19 May 2023 13:27:37-login.py[line:22]-INFO:获取SAMLRequest
Fri, 19 May 2023 13:27:37-readyaml.py[line:23]-INFO:读取访问ip
Fri, 19 May 2023 13:27:37-readyaml.py[line:42]-INFO:读取yaml完成
Fri, 19 May 2023 13:27:37-readyaml.py[line:23]-INFO:读取访问ip
Fri, 19 May 2023 13:27:37-readyaml.py[line:42]-INFO:读取yaml完成
Fri, 19 May 2023 13:27:37-login.py[line:47]-INFO:登陆成功
Fri, 19 May 2023 13:27:37-readyaml.py[line:23]-INFO:读取访问ip
Fri, 19 May 2023 13:27:37-readyaml.py[line:42]-INFO:读取yaml完成
Fri, 19 May 2023 13:33:06-readyaml.py[line:23]-INFO:读取访问ip
Fri, 19 May 2023 13:33:06-readyaml.py[line:42]-INFO:读取yaml完成
Fri, 19 May 2023 13:33:06-readyaml.py[line:26]-INFO:读取访问接口url
Fri, 19 May 2023 13:33:06-readyaml.py[line:42]-INFO:读取yaml完成
Fri, 19 May 2023 13:33:06-readyaml.py[line:23]-INFO:读取访问ip
Fri, 19 May 2023 13:33:06-readyaml.py[line:42]-INFO:读取yaml完成
Fri, 19 May 2023 13:38:44-readyaml.py[line:23]-INFO:读取访问ip
Fri, 19 May 2023 13:38:44-readyaml.py[line:42]-INFO:读取yaml完成
Fri, 19 May 2023 13:38:44-readyaml.py[line:26]-INFO:读取访问接口url
Fri, 19 May 2023 13:38:44-readyaml.py[line:42]-INFO:读取yaml完成
Fri, 19 May 2023 13:38:44-readyaml.py[line:26]-INFO:读取访问接口url
Fri, 19 May 2023 13:38:44-readyaml.py[line:42]-INFO:读取yaml完成
Fri, 19 May 2023 13:38:44-login.py[line:32]-INFO:开始调用登录接口
Fri, 19 May 2023 13:38:44-login.py[line:22]-INFO:获取SAMLRequest
Fri, 19 May 2023 13:38:44-readyaml.py[line:23]-INFO:读取访问ip
Fri, 19 May 2023 13:38:44-readyaml.py[line:42]-INFO:读取yaml完成
Fri, 19 May 2023 13:38:44-readyaml.py[line:23]-INFO:读取访问ip
Fri, 19 May 2023 13:38:44-readyaml.py[line:42]-INFO:读取yaml完成
Fri, 19 May 2023 13:38:44-login.py[line:47]-INFO:登陆成功
Fri, 19 May 2023 13:38:44-readyaml.py[line:23]-INFO:读取访问ip
Fri, 19 May 2023 13:38:44-readyaml.py[line:42]-INFO:读取yaml完成
Fri, 19 May 2023 13:39:08-readyaml.py[line:23]-INFO:读取访问ip
Fri, 19 May 2023 13:39:08-readyaml.py[line:42]-INFO:读取yaml完成
Fri, 19 May 2023 13:39:08-readyaml.py[line:26]-INFO:读取访问接口url
Fri, 19 May 2023 13:39:08-readyaml.py[line:42]-INFO:读取yaml完成
Fri, 19 May 2023 13:39:08-readyaml.py[line:26]-INFO:读取访问接口url
Fri, 19 May 2023 13:39:08-readyaml.py[line:42]-INFO:读取yaml完成
Fri, 19 May 2023 13:39:08-login.py[line:32]-INFO:开始调用登录接口
Fri, 19 May 2023 13:39:08-login.py[line:22]-INFO:获取SAMLRequest
Fri, 19 May 2023 13:39:08-readyaml.py[line:23]-INFO:读取访问ip
Fri, 19 May 2023 13:39:08-readyaml.py[line:42]-INFO:读取yaml完成
Fri, 19 May 2023 13:39:08-readyaml.py[line:23]-INFO:读取访问ip
Fri, 19 May 2023 13:39:08-readyaml.py[line:42]-INFO:读取yaml完成
Fri, 19 May 2023 13:39:08-login.py[line:47]-INFO:登陆成功
Fri, 19 May 2023 13:39:08-readyaml.py[line:23]-INFO:读取访问ip
Fri, 19 May 2023 13:39:08-readyaml.py[line:42]-INFO:读取yaml完成
Fri, 19 May 2023 13:39:52-readyaml.py[line:23]-INFO:读取访问ip
Fri, 19 May 2023 13:39:52-readyaml.py[line:42]-INFO:读取yaml完成
Fri, 19 May 2023 13:39:52-readyaml.py[line:26]-INFO:读取访问接口url
Fri, 19 May 2023 13:39:52-readyaml.py[line:42]-INFO:读取yaml完成
Fri, 19 May 2023 13:39:52-readyaml.py[line:26]-INFO:读取访问接口url
Fri, 19 May 2023 13:39:52-readyaml.py[line:42]-INFO:读取yaml完成
Fri, 19 May 2023 13:39:52-login.py[line:33]-INFO:开始调用登录接口
Fri, 19 May 2023 13:39:52-login.py[line:22]-INFO:获取SAMLRequest
Fri, 19 May 2023 13:39:52-readyaml.py[line:23]-INFO:读取访问ip
Fri, 19 May 2023 13:39:52-readyaml.py[line:42]-INFO:读取yaml完成
Fri, 19 May 2023 13:39:52-readyaml.py[line:23]-INFO:读取访问ip
Fri, 19 May 2023 13:39:52-readyaml.py[line:42]-INFO:读取yaml完成
Fri, 19 May 2023 13:39:52-login.py[line:48]-INFO:登陆成功
Fri, 19 May 2023 13:39:52-readyaml.py[line:23]-INFO:读取访问ip
Fri, 19 May 2023 13:39:52-readyaml.py[line:42]-INFO:读取yaml完成
Fri, 19 May 2023 13:40:47-readyaml.py[line:23]-INFO:读取访问ip
Fri, 19 May 2023 13:40:47-readyaml.py[line:42]-INFO:读取yaml完成
Fri, 19 May 2023 13:40:47-readyaml.py[line:26]-INFO:读取访问接口url
Fri, 19 May 2023 13:40:47-readyaml.py[line:42]-INFO:读取yaml完成
Fri, 19 May 2023 13:40:47-readyaml.py[line:26]-INFO:读取访问接口url
Fri, 19 May 2023 13:40:47-readyaml.py[line:42]-INFO:读取yaml完成
Fri, 19 May 2023 13:40:47-login.py[line:33]-INFO:开始调用登录接口
Fri, 19 May 2023 13:40:47-login.py[line:22]-INFO:获取SAMLRequest
Fri, 19 May 2023 13:40:47-readyaml.py[line:23]-INFO:读取访问ip
Fri, 19 May 2023 13:40:47-readyaml.py[line:42]-INFO:读取yaml完成
Fri, 19 May 2023 13:40:47-readyaml.py[line:23]-INFO:读取访问ip
Fri, 19 May 2023 13:40:47-readyaml.py[line:42]-INFO:读取yaml完成
Fri, 19 May 2023 13:40:47-login.py[line:49]-INFO:登陆成功
Fri, 19 May 2023 13:40:47-readyaml.py[line:23]-INFO:读取访问ip
Fri, 19 May 2023 13:40:47-readyaml.py[line:42]-INFO:读取yaml完成
Fri, 19 May 2023 13:41:25-readyaml.py[line:23]-INFO:读取访问ip
Fri, 19 May 2023 13:41:25-readyaml.py[line:42]-INFO:读取yaml完成
Fri, 19 May 2023 13:41:25-readyaml.py[line:26]-INFO:读取访问接口url
Fri, 19 May 2023 13:41:25-readyaml.py[line:42]-INFO:读取yaml完成
Fri, 19 May 2023 13:41:25-readyaml.py[line:26]-INFO:读取访问接口url
Fri, 19 May 2023 13:41:25-readyaml.py[line:42]-INFO:读取yaml完成
Fri, 19 May 2023 13:41:25-login.py[line:33]-INFO:开始调用登录接口
Fri, 19 May 2023 13:41:25-login.py[line:22]-INFO:获取SAMLRequest
Fri, 19 May 2023 13:41:25-readyaml.py[line:23]-INFO:读取访问ip
Fri, 19 May 2023 13:41:25-readyaml.py[line:42]-INFO:读取yaml完成
Fri, 19 May 2023 13:41:25-readyaml.py[line:23]-INFO:读取访问ip
Fri, 19 May 2023 13:41:25-readyaml.py[line:42]-INFO:读取yaml完成
Fri, 19 May 2023 13:41:25-login.py[line:49]-INFO:登陆成功
Fri, 19 May 2023 13:41:25-readyaml.py[line:23]-INFO:读取访问ip
Fri, 19 May 2023 13:41:25-readyaml.py[line:42]-INFO:读取yaml完成
Fri, 19 May 2023 13:44:46-readyaml.py[line:23]-INFO:读取访问ip
Fri, 19 May 2023 13:44:46-readyaml.py[line:42]-INFO:读取yaml完成
Fri, 19 May 2023 13:44:46-readyaml.py[line:26]-INFO:读取访问接口url
Fri, 19 May 2023 13:44:46-readyaml.py[line:42]-INFO:读取yaml完成
Fri, 19 May 2023 13:44:46-readyaml.py[line:26]-INFO:读取访问接口url
Fri, 19 May 2023 13:44:46-readyaml.py[line:42]-INFO:读取yaml完成
Fri, 19 May 2023 13:44:46-login.py[line:33]-INFO:开始调用登录接口
Fri, 19 May 2023 13:44:46-login.py[line:22]-INFO:获取SAMLRequest
Fri, 19 May 2023 13:44:46-readyaml.py[line:23]-INFO:读取访问ip
Fri, 19 May 2023 13:44:46-readyaml.py[line:42]-INFO:读取yaml完成
Fri, 19 May 2023 13:44:46-readyaml.py[line:23]-INFO:读取访问ip
Fri, 19 May 2023 13:44:46-readyaml.py[line:42]-INFO:读取yaml完成
Fri, 19 May 2023 13:44:46-login.py[line:49]-INFO:登陆成功
Fri, 19 May 2023 13:44:46-readyaml.py[line:23]-INFO:读取访问ip
Fri, 19 May 2023 13:44:46-readyaml.py[line:42]-INFO:读取yaml完成
Fri, 19 May 2023 13:47:02-readyaml.py[line:23]-INFO:读取访问ip
Fri, 19 May 2023 13:47:02-readyaml.py[line:42]-INFO:读取yaml完成
Fri, 19 May 2023 13:47:02-readyaml.py[line:26]-INFO:读取访问接口url
Fri, 19 May 2023 13:47:02-readyaml.py[line:42]-INFO:读取yaml完成
Fri, 19 May 2023 13:47:02-login.py[line:33]-INFO:开始调用登录接口
Fri, 19 May 2023 13:47:02-login.py[line:22]-INFO:获取SAMLRequest
Fri, 19 May 2023 13:47:02-readyaml.py[line:23]-INFO:读取访问ip
Fri, 19 May 2023 13:47:02-readyaml.py[line:42]-INFO:读取yaml完成
Fri, 19 May 2023 13:47:02-readyaml.py[line:23]-INFO:读取访问ip
Fri, 19 May 2023 13:47:02-readyaml.py[line:42]-INFO:读取yaml完成
Fri, 19 May 2023 13:47:03-login.py[line:49]-INFO:登陆成功
Fri, 19 May 2023 13:47:03-readyaml.py[line:23]-INFO:读取访问ip
Fri, 19 May 2023 13:47:03-readyaml.py[line:42]-INFO:读取yaml完成
Fri, 19 May 2023 13:47:46-readyaml.py[line:23]-INFO:读取访问ip
Fri, 19 May 2023 13:47:46-readyaml.py[line:42]-INFO:读取yaml完成
Fri, 19 May 2023 13:47:46-readyaml.py[line:26]-INFO:读取访问接口url
Fri, 19 May 2023 13:47:46-readyaml.py[line:42]-INFO:读取yaml完成
Fri, 19 May 2023 13:47:46-readyaml.py[line:26]-INFO:读取访问接口url
Fri, 19 May 2023 13:47:46-readyaml.py[line:42]-INFO:读取yaml完成
Fri, 19 May 2023 13:47:46-login.py[line:33]-INFO:开始调用登录接口
Fri, 19 May 2023 13:47:46-login.py[line:22]-INFO:获取SAMLRequest
Fri, 19 May 2023 13:47:46-readyaml.py[line:23]-INFO:读取访问ip
Fri, 19 May 2023 13:47:46-readyaml.py[line:42]-INFO:读取yaml完成
Fri, 19 May 2023 13:47:46-readyaml.py[line:23]-INFO:读取访问ip
Fri, 19 May 2023 13:47:46-readyaml.py[line:42]-INFO:读取yaml完成
Fri, 19 May 2023 13:47:46-login.py[line:49]-INFO:登陆成功
Fri, 19 May 2023 13:47:46-readyaml.py[line:23]-INFO:读取访问ip
Fri, 19 May 2023 13:47:46-readyaml.py[line:42]-INFO:读取yaml完成
Fri, 19 May 2023 14:02:09-readyaml.py[line:23]-INFO:读取访问ip
Fri, 19 May 2023 14:02:09-readyaml.py[line:42]-INFO:读取yaml完成
Fri, 19 May 2023 14:02:09-readyaml.py[line:26]-INFO:读取访问接口url
Fri, 19 May 2023 14:02:09-readyaml.py[line:42]-INFO:读取yaml完成
Fri, 19 May 2023 14:02:09-readyaml.py[line:23]-INFO:读取访问ip
Fri, 19 May 2023 14:02:09-readyaml.py[line:42]-INFO:读取yaml完成
Fri, 19 May 2023 14:02:22-readyaml.py[line:23]-INFO:读取访问ip
Fri, 19 May 2023 14:02:22-readyaml.py[line:42]-INFO:读取yaml完成
Fri, 19 May 2023 14:02:22-readyaml.py[line:26]-INFO:读取访问接口url
Fri, 19 May 2023 14:02:22-readyaml.py[line:42]-INFO:读取yaml完成
Fri, 19 May 2023 14:02:22-login.py[line:33]-INFO:开始调用登录接口
Fri, 19 May 2023 14:02:22-login.py[line:22]-INFO:获取SAMLRequest
Fri, 19 May 2023 14:02:22-readyaml.py[line:23]-INFO:读取访问ip
Fri, 19 May 2023 14:02:22-readyaml.py[line:42]-INFO:读取yaml完成
Fri, 19 May 2023 14:02:22-readyaml.py[line:23]-INFO:读取访问ip
Fri, 19 May 2023 14:02:22-readyaml.py[line:42]-INFO:读取yaml完成
Fri, 19 May 2023 14:02:22-login.py[line:49]-INFO:登陆成功
Fri, 19 May 2023 14:02:22-readyaml.py[line:23]-INFO:读取访问ip
Fri, 19 May 2023 14:02:22-readyaml.py[line:42]-INFO:读取yaml完成
Fri, 19 May 2023 14:05:53-readyaml.py[line:23]-INFO:读取访问ip
Fri, 19 May 2023 14:05:53-readyaml.py[line:42]-INFO:读取yaml完成
Fri, 19 May 2023 14:05:53-readyaml.py[line:23]-INFO:读取访问ip
Fri, 19 May 2023 14:05:53-readyaml.py[line:42]-INFO:读取yaml完成
Fri, 19 May 2023 14:05:56-readyaml.py[line:23]-INFO:读取访问ip
Fri, 19 May 2023 14:05:56-readyaml.py[line:42]-INFO:读取yaml完成
Fri, 19 May 2023 14:05:56-readyaml.py[line:23]-INFO:读取访问ip
Fri, 19 May 2023 14:05:56-readyaml.py[line:42]-INFO:读取yaml完成
Fri, 19 May 2023 14:14:24-readyaml.py[line:23]-INFO:读取访问ip
Fri, 19 May 2023 14:14:24-readyaml.py[line:42]-INFO:读取yaml完成
Fri, 19 May 2023 14:14:24-readyaml.py[line:26]-INFO:读取访问接口url
Fri, 19 May 2023 14:14:24-readyaml.py[line:42]-INFO:读取yaml完成
Fri, 19 May 2023 14:14:24-readyaml.py[line:26]-INFO:读取访问接口url
Fri, 19 May 2023 14:14:24-readyaml.py[line:42]-INFO:读取yaml完成
Fri, 19 May 2023 14:14:24-login.py[line:33]-INFO:开始调用登录接口
Fri, 19 May 2023 14:14:24-login.py[line:22]-INFO:获取SAMLRequest
Fri, 19 May 2023 14:14:24-readyaml.py[line:23]-INFO:读取访问ip
Fri, 19 May 2023 14:14:24-readyaml.py[line:42]-INFO:读取yaml完成
Fri, 19 May 2023 14:14:24-readyaml.py[line:23]-INFO:读取访问ip
Fri, 19 May 2023 14:14:24-readyaml.py[line:42]-INFO:读取yaml完成
Fri, 19 May 2023 14:14:25-login.py[line:49]-INFO:登陆成功
Fri, 19 May 2023 14:14:25-readyaml.py[line:23]-INFO:读取访问ip
Fri, 19 May 2023 14:14:25-readyaml.py[line:42]-INFO:读取yaml完成
Fri, 19 May 2023 15:53:11-readyaml.py[line:23]-INFO:读取访问ip
Fri, 19 May 2023 15:53:11-readyaml.py[line:42]-INFO:读取yaml完成
Fri, 19 May 2023 15:53:11-readyaml.py[line:26]-INFO:读取访问接口url
Fri, 19 May 2023 15:53:11-readyaml.py[line:42]-INFO:读取yaml完成
Fri, 19 May 2023 15:53:11-login.py[line:33]-INFO:开始调用登录接口
Fri, 19 May 2023 15:53:11-login.py[line:22]-INFO:获取SAMLRequest
Fri, 19 May 2023 15:53:11-readyaml.py[line:23]-INFO:读取访问ip
Fri, 19 May 2023 15:53:11-readyaml.py[line:42]-INFO:读取yaml完成
Fri, 19 May 2023 15:53:11-readyaml.py[line:23]-INFO:读取访问ip
Fri, 19 May 2023 15:53:11-readyaml.py[line:42]-INFO:读取yaml完成
Fri, 19 May 2023 15:53:12-login.py[line:49]-INFO:登陆成功
Fri, 19 May 2023 15:53:12-readyaml.py[line:26]-INFO:读取访问接口url
Fri, 19 May 2023 15:53:12-readyaml.py[line:42]-INFO:读取yaml完成
Fri, 19 May 2023 15:53:12-readyaml.py[line:23]-INFO:读取访问ip
Fri, 19 May 2023 15:53:12-readyaml.py[line:42]-INFO:读取yaml完成
Fri, 19 May 2023 16:26:24-readyaml.py[line:23]-INFO:读取访问ip
Fri, 19 May 2023 16:26:24-readyaml.py[line:26]-INFO:读取访问接口url
Fri, 19 May 2023 16:26:24-login.py[line:29]-INFO:开始调用登录接口
Fri, 19 May 2023 16:26:24-login.py[line:19]-INFO:获取SAMLRequest
Fri, 19 May 2023 16:26:24-readyaml.py[line:23]-INFO:读取访问ip
Fri, 19 May 2023 16:26:24-readyaml.py[line:23]-INFO:读取访问ip
Fri, 19 May 2023 16:26:25-login.py[line:44]-INFO:登陆成功
Fri, 19 May 2023 16:26:25-readyaml.py[line:26]-INFO:读取访问接口url
Fri, 19 May 2023 16:26:25-readyaml.py[line:23]-INFO:读取访问ip
Fri, 19 May 2023 16:26:39-readyaml.py[line:23]-INFO:读取访问ip
Fri, 19 May 2023 16:26:39-readyaml.py[line:26]-INFO:读取访问接口url
Fri, 19 May 2023 16:26:39-login.py[line:29]-INFO:开始调用登录接口
Fri, 19 May 2023 16:26:39-login.py[line:19]-INFO:获取SAMLRequest
Fri, 19 May 2023 16:26:39-readyaml.py[line:23]-INFO:读取访问ip
Fri, 19 May 2023 16:26:39-readyaml.py[line:23]-INFO:读取访问ip
Fri, 19 May 2023 16:26:39-login.py[line:44]-INFO:登陆成功
Fri, 19 May 2023 16:26:39-readyaml.py[line:26]-INFO:读取访问接口url
Fri, 19 May 2023 16:26:39-readyaml.py[line:23]-INFO:读取访问ip
Fri, 19 May 2023 16:26:57-readyaml.py[line:23]-INFO:读取访问ip
Fri, 19 May 2023 16:26:57-readyaml.py[line:26]-INFO:读取访问接口url
Fri, 19 May 2023 16:26:57-login.py[line:29]-INFO:开始调用登录接口
Fri, 19 May 2023 16:26:57-login.py[line:19]-INFO:获取SAMLRequest
Fri, 19 May 2023 16:26:57-readyaml.py[line:23]-INFO:读取访问ip
Fri, 19 May 2023 16:26:57-readyaml.py[line:23]-INFO:读取访问ip
Fri, 19 May 2023 16:26:58-login.py[line:44]-INFO:登陆成功
Fri, 19 May 2023 16:26:58-readyaml.py[line:26]-INFO:读取访问接口url
Fri, 19 May 2023 16:26:58-readyaml.py[line:23]-INFO:读取访问ip
Fri, 19 May 2023 16:27:14-readyaml.py[line:23]-INFO:读取访问ip
Fri, 19 May 2023 16:27:14-readyaml.py[line:26]-INFO:读取访问接口url
Fri, 19 May 2023 16:27:14-login.py[line:29]-INFO:开始调用登录接口
Fri, 19 May 2023 16:27:14-login.py[line:19]-INFO:获取SAMLRequest
Fri, 19 May 2023 16:27:14-readyaml.py[line:23]-INFO:读取访问ip
Fri, 19 May 2023 16:27:14-readyaml.py[line:23]-INFO:读取访问ip
Fri, 19 May 2023 16:27:14-login.py[line:44]-INFO:登陆成功
Fri, 19 May 2023 16:27:14-readyaml.py[line:26]-INFO:读取访问接口url
Fri, 19 May 2023 16:27:14-readyaml.py[line:23]-INFO:读取访问ip
Fri, 19 May 2023 16:28:31-readyaml.py[line:23]-INFO:读取访问ip
Fri, 19 May 2023 16:28:31-readyaml.py[line:26]-INFO:读取访问接口url
Fri, 19 May 2023 16:28:31-login.py[line:29]-INFO:开始调用登录接口
Fri, 19 May 2023 16:28:31-login.py[line:19]-INFO:获取SAMLRequest
Fri, 19 May 2023 16:28:31-readyaml.py[line:23]-INFO:读取访问ip
Fri, 19 May 2023 16:28:31-readyaml.py[line:23]-INFO:读取访问ip
Fri, 19 May 2023 16:28:31-login.py[line:44]-INFO:登陆成功
Fri, 19 May 2023 16:28:31-readyaml.py[line:26]-INFO:读取访问接口url
Fri, 19 May 2023 16:28:31-readyaml.py[line:23]-INFO:读取访问ip
Fri, 19 May 2023 16:40:37-readyaml.py[line:23]-INFO:读取访问ip
Fri, 19 May 2023 16:40:37-readyaml.py[line:26]-INFO:读取访问接口url
Fri, 19 May 2023 16:40:37-login.py[line:27]-INFO:开始调用登录接口
Fri, 19 May 2023 16:40:37-login.py[line:17]-INFO:获取SAMLRequest
Fri, 19 May 2023 16:40:37-readyaml.py[line:23]-INFO:读取访问ip
Fri, 19 May 2023 16:40:38-readyaml.py[line:23]-INFO:读取访问ip
Fri, 19 May 2023 16:40:38-login.py[line:42]-INFO:登陆成功
Fri, 19 May 2023 16:40:38-readyaml.py[line:26]-INFO:读取访问接口url
Fri, 19 May 2023 16:41:05-readyaml.py[line:23]-INFO:读取访问ip
Fri, 19 May 2023 16:41:05-readyaml.py[line:26]-INFO:读取访问接口url
Fri, 19 May 2023 16:41:05-login.py[line:27]-INFO:开始调用登录接口
Fri, 19 May 2023 16:41:05-login.py[line:17]-INFO:获取SAMLRequest
Fri, 19 May 2023 16:41:05-readyaml.py[line:23]-INFO:读取访问ip
Fri, 19 May 2023 16:41:05-readyaml.py[line:23]-INFO:读取访问ip
Fri, 19 May 2023 16:41:05-login.py[line:42]-INFO:登陆成功
Fri, 19 May 2023 16:41:05-readyaml.py[line:26]-INFO:读取访问接口url
Fri, 19 May 2023 16:41:23-readyaml.py[line:23]-INFO:读取访问ip
Fri, 19 May 2023 16:41:23-readyaml.py[line:26]-INFO:读取访问接口url
Fri, 19 May 2023 16:41:23-login.py[line:27]-INFO:开始调用登录接口
Fri, 19 May 2023 16:41:23-login.py[line:17]-INFO:获取SAMLRequest
Fri, 19 May 2023 16:41:23-readyaml.py[line:23]-INFO:读取访问ip
Fri, 19 May 2023 16:41:23-readyaml.py[line:23]-INFO:读取访问ip
Fri, 19 May 2023 16:41:24-login.py[line:42]-INFO:登陆成功
Fri, 19 May 2023 16:41:24-readyaml.py[line:26]-INFO:读取访问接口url
Fri, 19 May 2023 16:41:42-readyaml.py[line:23]-INFO:读取访问ip
Fri, 19 May 2023 16:41:42-readyaml.py[line:26]-INFO:读取访问接口url
Fri, 19 May 2023 16:41:42-login.py[line:27]-INFO:开始调用登录接口
Fri, 19 May 2023 16:41:42-login.py[line:17]-INFO:获取SAMLRequest
Fri, 19 May 2023 16:41:42-readyaml.py[line:23]-INFO:读取访问ip
Fri, 19 May 2023 16:41:42-readyaml.py[line:23]-INFO:读取访问ip
Fri, 19 May 2023 16:41:42-login.py[line:42]-INFO:登陆成功
Fri, 19 May 2023 16:41:42-readyaml.py[line:26]-INFO:读取访问接口url
Fri, 19 May 2023 16:42:35-readyaml.py[line:23]-INFO:读取访问ip
Fri, 19 May 2023 16:42:35-readyaml.py[line:26]-INFO:读取访问接口url
Fri, 19 May 2023 16:42:35-login.py[line:27]-INFO:开始调用登录接口
Fri, 19 May 2023 16:42:35-login.py[line:17]-INFO:获取SAMLRequest
Fri, 19 May 2023 16:42:35-readyaml.py[line:23]-INFO:读取访问ip
Fri, 19 May 2023 16:42:35-readyaml.py[line:23]-INFO:读取访问ip
Fri, 19 May 2023 16:42:35-login.py[line:42]-INFO:登陆成功
Fri, 19 May 2023 16:42:35-readyaml.py[line:26]-INFO:读取访问接口url
Fri, 19 May 2023 16:43:21-readyaml.py[line:23]-INFO:读取访问ip
Fri, 19 May 2023 16:43:21-readyaml.py[line:26]-INFO:读取访问接口url
Fri, 19 May 2023 16:43:21-login.py[line:27]-INFO:开始调用登录接口
Fri, 19 May 2023 16:43:21-login.py[line:17]-INFO:获取SAMLRequest
Fri, 19 May 2023 16:43:21-readyaml.py[line:23]-INFO:读取访问ip
Fri, 19 May 2023 16:43:21-readyaml.py[line:23]-INFO:读取访问ip
Fri, 19 May 2023 16:43:22-login.py[line:42]-INFO:登陆成功
Fri, 19 May 2023 16:43:22-readyaml.py[line:26]-INFO:读取访问接口url
Fri, 19 May 2023 16:43:22-readyaml.py[line:23]-INFO:读取访问ip
Fri, 19 May 2023 16:43:39-readyaml.py[line:23]-INFO:读取访问ip
Fri, 19 May 2023 16:43:39-readyaml.py[line:26]-INFO:读取访问接口url
Fri, 19 May 2023 16:43:39-login.py[line:27]-INFO:开始调用登录接口
Fri, 19 May 2023 16:43:39-login.py[line:17]-INFO:获取SAMLRequest
Fri, 19 May 2023 16:43:39-readyaml.py[line:23]-INFO:读取访问ip
Fri, 19 May 2023 16:43:39-readyaml.py[line:23]-INFO:读取访问ip
Fri, 19 May 2023 16:43:39-login.py[line:42]-INFO:登陆成功
Fri, 19 May 2023 16:43:39-readyaml.py[line:26]-INFO:读取访问接口url
Fri, 19 May 2023 16:43:39-readyaml.py[line:23]-INFO:读取访问ip
Fri, 19 May 2023 16:48:53-readyaml.py[line:23]-INFO:读取访问ip
Fri, 19 May 2023 16:48:53-readyaml.py[line:26]-INFO:读取访问接口url
Fri, 19 May 2023 16:48:53-login.py[line:27]-INFO:开始调用登录接口
Fri, 19 May 2023 16:48:53-login.py[line:17]-INFO:获取SAMLRequest
Fri, 19 May 2023 16:48:53-readyaml.py[line:23]-INFO:读取访问ip
Fri, 19 May 2023 16:48:53-readyaml.py[line:23]-INFO:读取访问ip
Fri, 19 May 2023 16:48:54-login.py[line:42]-INFO:登陆成功
Fri, 19 May 2023 16:48:54-readyaml.py[line:26]-INFO:读取访问接口url
Fri, 19 May 2023 16:48:54-readyaml.py[line:23]-INFO:读取访问ip
Fri, 19 May 2023 16:49:06-readyaml.py[line:23]-INFO:读取访问ip
Fri, 19 May 2023 16:49:06-readyaml.py[line:26]-INFO:读取访问接口url
Fri, 19 May 2023 16:49:06-login.py[line:27]-INFO:开始调用登录接口
Fri, 19 May 2023 16:49:06-login.py[line:17]-INFO:获取SAMLRequest
Fri, 19 May 2023 16:49:06-readyaml.py[line:23]-INFO:读取访问ip
Fri, 19 May 2023 16:49:06-readyaml.py[line:23]-INFO:读取访问ip
Fri, 19 May 2023 16:49:06-login.py[line:42]-INFO:登陆成功
Fri, 19 May 2023 16:49:06-readyaml.py[line:26]-INFO:读取访问接口url
Fri, 19 May 2023 16:49:06-readyaml.py[line:23]-INFO:读取访问ip
Fri, 19 May 2023 16:49:15-readyaml.py[line:23]-INFO:读取访问ip
Fri, 19 May 2023 16:49:15-readyaml.py[line:26]-INFO:读取访问接口url
Fri, 19 May 2023 16:49:15-login.py[line:27]-INFO:开始调用登录接口
Fri, 19 May 2023 16:49:15-login.py[line:17]-INFO:获取SAMLRequest
Fri, 19 May 2023 16:49:15-readyaml.py[line:23]-INFO:读取访问ip
Fri, 19 May 2023 16:49:15-readyaml.py[line:23]-INFO:读取访问ip
Fri, 19 May 2023 16:49:15-login.py[line:42]-INFO:登陆成功
Fri, 19 May 2023 16:49:15-readyaml.py[line:26]-INFO:读取访问接口url
Fri, 19 May 2023 16:49:15-readyaml.py[line:23]-INFO:读取访问ip
Fri, 19 May 2023 16:49:37-readyaml.py[line:23]-INFO:读取访问ip
Fri, 19 May 2023 16:49:37-readyaml.py[line:26]-INFO:读取访问接口url
Fri, 19 May 2023 16:49:37-login.py[line:27]-INFO:开始调用登录接口
Fri, 19 May 2023 16:49:37-login.py[line:17]-INFO:获取SAMLRequest
Fri, 19 May 2023 16:49:37-readyaml.py[line:23]-INFO:读取访问ip
Fri, 19 May 2023 16:49:37-readyaml.py[line:23]-INFO:读取访问ip
Fri, 19 May 2023 16:49:38-login.py[line:42]-INFO:登陆成功
Fri, 19 May 2023 16:49:38-readyaml.py[line:26]-INFO:读取访问接口url
Fri, 19 May 2023 16:49:38-readyaml.py[line:23]-INFO:读取访问ip
Fri, 19 May 2023 17:50:41-readyaml.py[line:23]-INFO:读取访问ip
Fri, 19 May 2023 17:50:41-readyaml.py[line:26]-INFO:读取访问接口url
Fri, 19 May 2023 17:50:41-login.py[line:27]-INFO:开始调用登录接口
Fri, 19 May 2023 17:50:41-login.py[line:17]-INFO:获取SAMLRequest
Fri, 19 May 2023 17:50:41-readyaml.py[line:23]-INFO:读取访问ip
Fri, 19 May 2023 17:50:42-readyaml.py[line:23]-INFO:读取访问ip
Fri, 19 May 2023 17:50:42-login.py[line:42]-INFO:登陆成功
Fri, 19 May 2023 17:50:42-readyaml.py[line:26]-INFO:读取访问接口url
Fri, 19 May 2023 17:50:42-studio_api.py[line:107]-INFO:开始文件上传接口
Fri, 19 May 2023 17:50:42-readyaml.py[line:23]-INFO:读取访问ip
